TN:
SF:src/parsers/BaseParser.ts
FN:4,extractQuantity
FN:23,looksLikeMpn
FN:42,tryAllParsers
FNF:3
FNH:3
FNDA:20,extractQuantity
FNDA:42,looksLikeMpn
FNDA:30,tryAllParsers
DA:5,20
DA:6,20
DA:7,2
DA:9,18
DA:10,18
DA:11,1
DA:13,17
DA:14,1
DA:16,16
DA:17,2
DA:19,14
DA:24,42
DA:25,42
DA:26,2
DA:28,40
DA:29,40
DA:31,40
DA:46,30
DA:47,30
DA:48,74
DA:49,39
DA:51,35
DA:52,35
DA:53,1
DA:55,34
DA:56,26
DA:57,26
DA:59,8
DA:60,2
DA:61,2
DA:63,6
DA:64,1
DA:65,1
DA:68,5
DA:69,74
DA:70,74
DA:71,1
DA:72,1
DA:75,30
LF:39
LH:39
BRDA:6,0,0,2
BRDA:6,0,1,18
BRDA:10,1,0,1
BRDA:10,1,1,17
BRDA:13,2,0,1
BRDA:13,2,1,16
BRDA:16,3,0,2
BRDA:16,3,1,14
BRDA:16,4,0,16
BRDA:16,4,1,15
BRDA:25,5,0,2
BRDA:25,5,1,40
BRDA:31,6,0,40
BRDA:31,6,1,28
BRDA:48,7,0,39
BRDA:48,7,1,35
BRDA:52,8,0,1
BRDA:52,8,1,34
BRDA:55,9,0,26
BRDA:55,9,1,8
BRDA:59,10,0,2
BRDA:59,10,1,6
BRDA:59,11,0,8
BRDA:59,11,1,2
BRDA:63,12,0,1
BRDA:63,12,1,5
BRDA:63,13,0,6
BRDA:63,13,1,3
BRDA:68,14,0,3
BRDA:68,14,1,2
BRDA:68,15,0,3
BRDA:68,15,1,2
BRDA:69,16,0,4
BRDA:69,16,1,1
BRDA:69,17,0,1
BRDA:69,17,1,4
BRDA:70,18,0,1
BRDA:70,18,1,73
BRF:38
BRH:38
end_of_record
TN:
SF:src/parsers/DigiKeyParser.ts
FN:16,canParse
FN:26,parse
FN:36,looksLikeDigiKey1d
FN:52,parse2d
FN:88,parse1d
FNF:5
FNH:5
FNDA:27,canParse
FNDA:14,parse
FNDA:14,looksLikeDigiKey1d
FNDA:8,parse2d
FNDA:5,parse1d
DA:14,3
DA:17,27
DA:18,9
DA:20,18
DA:21,14
DA:23,4
DA:27,14
DA:28,8
DA:30,6
DA:31,5
DA:33,1
DA:37,14
DA:38,14
DA:39,1
DA:42,13
DA:43,3
DA:46,10
DA:47,2
DA:49,8
DA:53,8
DA:54,8
DA:55,8
DA:56,8
DA:58,8
DA:59,4
DA:67,4
DA:68,2
DA:76,2
DA:77,1
DA:85,1
DA:89,5
DA:91,5
DA:92,1
DA:101,4
DA:102,3
DA:110,1
LF:36
LH:36
BRDA:17,0,0,9
BRDA:17,0,1,18
BRDA:18,1,0,9
BRDA:18,1,1,8
BRDA:20,2,0,14
BRDA:20,2,1,4
BRDA:20,3,0,18
BRDA:20,3,1,5
BRDA:27,4,0,8
BRDA:27,4,1,6
BRDA:30,5,0,5
BRDA:30,5,1,1
BRDA:30,6,0,6
BRDA:30,6,1,1
BRDA:38,7,0,1
BRDA:38,7,1,13
BRDA:42,8,0,3
BRDA:42,8,1,10
BRDA:42,9,0,13
BRDA:42,9,1,7
BRDA:46,10,0,2
BRDA:46,10,1,8
BRDA:54,11,0,8
BRDA:54,11,1,2
BRDA:55,12,0,8
BRDA:55,12,1,3
BRDA:56,13,0,5
BRDA:56,13,1,3
BRDA:58,14,0,4
BRDA:58,14,1,4
BRDA:58,15,0,8
BRDA:58,15,1,6
BRDA:67,16,0,2
BRDA:67,16,1,2
BRDA:76,17,0,1
BRDA:76,17,1,1
BRDA:91,18,0,1
BRDA:91,18,1,4
BRDA:101,19,0,3
BRDA:101,19,1,1
BRDA:101,20,0,4
BRDA:101,20,1,3
BRF:42
BRH:42
end_of_record
TN:
SF:src/parsers/EciaParser.ts
FN:17,parseEciaFields
FN:71,isEciaFormat
FNF:2
FNH:2
FNDA:27,parseEciaFields
FNDA:22,isEciaFormat
DA:6,5
DA:7,5
DA:8,5
DA:11,5
DA:18,27
DA:21,27
DA:24,27
DA:25,17
DA:26,10
DA:27,8
DA:31,27
DA:32,24
DA:33,3
DA:34,1
DA:38,27
DA:39,2
DA:40,25
DA:41,1
DA:45,27
DA:47,27
DA:48,74
DA:49,74
DA:50,31
DA:54,43
DA:55,43
DA:56,356
DA:57,42
DA:58,42
DA:62,43
DA:63,42
DA:67,27
DA:72,22
DA:73,1
DA:75,21
DA:76,22
DA:77,2
DA:80,19
LF:37
LH:37
BRDA:24,0,0,17
BRDA:24,0,1,10
BRDA:26,1,0,8
BRDA:26,1,1,2
BRDA:31,2,0,24
BRDA:31,2,1,3
BRDA:33,3,0,1
BRDA:33,3,1,2
BRDA:38,4,0,2
BRDA:38,4,1,25
BRDA:40,5,0,1
BRDA:40,5,1,24
BRDA:49,6,0,31
BRDA:49,6,1,43
BRDA:56,7,0,42
BRDA:56,7,1,314
BRDA:62,8,0,42
BRDA:62,8,1,1
BRDA:72,9,0,1
BRDA:72,9,1,21
BRDA:75,10,0,21
BRDA:75,10,1,2
BRDA:76,11,0,2
BRDA:76,11,1,20
BRF:24
BRH:24
end_of_record
TN:
SF:src/parsers/Element14Parser.ts
FN:17,canParse
FN:40,parse
FNF:2
FNH:2
FNDA:23,canParse
FNDA:10,parse
DA:15,2
DA:18,23
DA:19,3
DA:21,20
DA:22,20
DA:23,1
DA:26,19
DA:27,4
DA:30,15
DA:31,2
DA:34,13
DA:35,3
DA:37,10
DA:41,10
DA:42,10
DA:43,1
DA:47,9
DA:48,2
DA:58,7
DA:59,3
DA:60,3
DA:70,4
DA:71,3
DA:80,1
LF:24
LH:24
BRDA:18,0,0,3
BRDA:18,0,1,20
BRDA:18,1,0,23
BRDA:18,1,1,11
BRDA:18,1,2,10
BRDA:22,2,0,1
BRDA:22,2,1,19
BRDA:26,3,0,4
BRDA:26,3,1,15
BRDA:30,4,0,2
BRDA:30,4,1,13
BRDA:34,5,0,3
BRDA:34,5,1,10
BRDA:42,6,0,1
BRDA:42,6,1,9
BRDA:47,7,0,2
BRDA:47,7,1,7
BRDA:58,8,0,3
BRDA:58,8,1,4
BRDA:70,9,0,3
BRDA:70,9,1,1
BRF:21
BRH:21
end_of_record
TN:
SF:src/parsers/MouserParser.ts
FN:15,canParse
FN:25,parse
FN:35,looksLikeMouser1d
FN:55,parse2d
FN:91,parse1d
FNF:5
FNH:5
FNDA:25,canParse
FNDA:14,parse
FNDA:13,looksLikeMouser1d
FNDA:6,parse2d
FNDA:7,parse1d
DA:13,3
DA:16,25
DA:17,8
DA:19,17
DA:20,13
DA:22,4
DA:26,14
DA:27,6
DA:29,8
DA:30,7
DA:32,1
DA:36,13
DA:37,13
DA:38,1
DA:41,12
DA:42,5
DA:45,7
DA:46,2
DA:49,5
DA:50,4
DA:52,1
DA:56,6
DA:57,6
DA:58,6
DA:59,6
DA:61,6
DA:62,2
DA:70,4
DA:71,2
DA:79,2
DA:80,1
DA:88,1
DA:92,7
DA:94,7
DA:95,2
DA:104,5
DA:105,4
DA:113,1
LF:38
LH:38
BRDA:16,0,0,8
BRDA:16,0,1,17
BRDA:17,1,0,8
BRDA:17,1,1,8
BRDA:19,2,0,13
BRDA:19,2,1,4
BRDA:19,3,0,17
BRDA:19,3,1,4
BRDA:26,4,0,6
BRDA:26,4,1,8
BRDA:29,5,0,7
BRDA:29,5,1,1
BRDA:29,6,0,8
BRDA:29,6,1,1
BRDA:37,7,0,1
BRDA:37,7,1,12
BRDA:41,8,0,5
BRDA:41,8,1,7
BRDA:45,9,0,2
BRDA:45,9,1,5
BRDA:49,10,0,4
BRDA:49,10,1,1
BRDA:57,11,0,6
BRDA:57,11,1,2
BRDA:58,12,0,6
BRDA:58,12,1,3
BRDA:59,13,0,3
BRDA:59,13,1,3
BRDA:61,14,0,2
BRDA:61,14,1,4
BRDA:61,15,0,6
BRDA:61,15,1,4
BRDA:70,16,0,2
BRDA:70,16,1,2
BRDA:79,17,0,1
BRDA:79,17,1,1
BRDA:94,18,0,2
BRDA:94,18,1,5
BRDA:104,19,0,4
BRDA:104,19,1,1
BRF:40
BRH:40
end_of_record
TN:
SF:src/parsers/MultiBarcodeFilter.ts
FN:6,scoreComponent
FN:29,mergeComponents
FN:92,filterMultipleBarcodes
FN:119,(anonymous_3)
FN:128,(anonymous_4)
FNF:5
FNH:5
FNDA:20,scoreComponent
FNDA:12,mergeComponents
FNDA:15,filterMultipleBarcodes
FNDA:7,(anonymous_3)
FNDA:14,(anonymous_4)
DA:7,20
DA:8,20
DA:9,9
DA:10,11
DA:11,2
DA:13,9
DA:15,20
DA:16,10
DA:18,20
DA:19,3
DA:21,20
DA:30,12
DA:31,1
DA:33,11
DA:34,3
DA:37,8
DA:38,8
DA:39,8
DA:40,8
DA:41,8
DA:43,8
DA:44,16
DA:47,16
DA:48,4
DA:49,3
DA:54,16
DA:55,5
DA:56,4
DA:61,16
DA:62,14
DA:64,16
DA:65,1
DA:66,15
DA:67,4
DA:71,8
DA:72,3
DA:75,5
DA:96,15
DA:97,1
DA:100,14
DA:101,14
DA:103,14
DA:104,22
DA:105,22
DA:106,20
DA:107,20
DA:108,5
DA:113,14
DA:114,1
DA:118,13
DA:119,5
DA:120,7
DA:122,5
DA:123,4
DA:128,14
DA:129,9
DA:130,3
DA:131,3
DA:132,4
DA:133,1
DA:136,3
DA:140,6
DA:141,6
DA:142,4
DA:146,2
DA:147,2
DA:148,4
DA:149,1
DA:152,2
LF:69
LH:69
BRDA:8,0,0,9
BRDA:8,0,1,11
BRDA:10,1,0,2
BRDA:10,1,1,9
BRDA:15,2,0,10
BRDA:15,2,1,10
BRDA:15,3,0,20
BRDA:15,3,1,10
BRDA:18,4,0,3
BRDA:18,4,1,17
BRDA:18,5,0,20
BRDA:18,5,1,3
BRDA:30,6,0,1
BRDA:30,6,1,11
BRDA:33,7,0,3
BRDA:33,7,1,8
BRDA:47,8,0,4
BRDA:47,8,1,12
BRDA:47,9,0,16
BRDA:47,9,1,4
BRDA:48,10,0,3
BRDA:48,10,1,1
BRDA:48,11,0,4
BRDA:48,11,1,1
BRDA:54,12,0,5
BRDA:54,12,1,11
BRDA:54,13,0,16
BRDA:54,13,1,5
BRDA:55,14,0,4
BRDA:55,14,1,1
BRDA:61,15,0,14
BRDA:61,15,1,2
BRDA:64,16,0,1
BRDA:64,16,1,15
BRDA:66,17,0,4
BRDA:66,17,1,11
BRDA:66,18,0,15
BRDA:66,18,1,5
BRDA:71,19,0,3
BRDA:71,19,1,5
BRDA:71,20,0,8
BRDA:71,20,1,5
BRDA:96,21,0,1
BRDA:96,21,1,14
BRDA:105,22,0,20
BRDA:105,22,1,2
BRDA:107,23,0,5
BRDA:107,23,1,15
BRDA:107,24,0,20
BRDA:107,24,1,8
BRDA:113,25,0,1
BRDA:113,25,1,13
BRDA:118,26,0,5
BRDA:118,26,1,8
BRDA:120,27,0,7
BRDA:120,27,1,5
BRDA:120,27,2,5
BRDA:122,28,0,4
BRDA:122,28,1,1
BRDA:129,29,0,3
BRDA:129,29,1,6
BRDA:132,30,0,1
BRDA:132,30,1,3
BRDA:141,31,0,4
BRDA:141,31,1,2
BRDA:148,32,0,1
BRDA:148,32,1,3
BRF:67
BRH:67
end_of_record
